# JRE version: OpenJDK Runtime Environment (11.0.10) (build 11.0.10+0-b96-7249189)
# Java VM: OpenJDK 64-Bit Server VM (11.0.10+0-b96-7249189, mixed mode, tiered, compressed oops, g1 gc, windows-amd64)
Heap:
 garbage-first heap   total 157696K, used 25600K [0x0000000081c00000, 0x0000000100000000)
  region size 1024K, 4 young (4096K), 4 survivors (4096K)
 Metaspace       used 39412K, capacity 39886K, committed 40060K, reserved 1095680K
  class space    used 4674K, capacity 4870K, committed 4988K, reserved 1048576K
GC Heap History (9 events):
Event: 0.519 GC heap before
{Heap before GC invocations=0 (full 0):
 garbage-first heap   total 131072K, used 27648K [0x0000000081c00000, 0x0000000100000000)
  region size 1024K, 24 young (24576K), 0 survivors (0K)
 Metaspace       used 12187K, capacity 12277K, committed 12544K, reserved 1060864K
  class space    used 1140K, capacity 1174K, committed 1280K, reserved 1048576K
}
Event: 0.522 GC heap after
{Heap after GC invocations=1 (full 0):
 garbage-first heap   total 131072K, used 5752K [0x0000000081c00000, 0x0000000100000000)
  region size 1024K, 3 young (3072K), 3 survivors (3072K)
 Metaspace       used 12187K, capacity 12277K, committed 12544K, reserved 1060864K
  class space    used 1140K, capacity 1174K, committed 1280K, reserved 1048576K
}
Event: 1.173 GC heap before
{Heap before GC invocations=1 (full 0):
 garbage-first heap   total 131072K, used 43640K [0x0000000081c00000, 0x0000000100000000)
  region size 1024K, 41 young (41984K), 3 survivors (3072K)
 Metaspace       used 21003K, capacity 21182K, committed 21248K, reserved 1069056K
  class space    used 2228K, capacity 2291K, committed 2304K, reserved 1048576K
}
Event: 1.183 GC heap after
{Heap after GC invocations=2 (full 0):
 garbage-first heap   total 131072K, used 9555K [0x0000000081c00000, 0x0000000100000000)
  region size 1024K, 7 young (7168K), 7 survivors (7168K)
 Metaspace       used 21003K, capacity 21182K, committed 21248K, reserved 1069056K
  class space    used 2228K, capacity 2291K, committed 2304K, reserved 1048576K
}
Event: 2.145 GC heap before
{Heap before GC invocations=3 (full 0):
 garbage-first heap   total 131072K, used 73043K [0x0000000081c00000, 0x0000000100000000)
  region size 1024K, 57 young (58368K), 7 survivors (7168K)
 Metaspace       used 31516K, capacity 32060K, committed 32124K, reserved 1077248K
  class space    used 3748K, capacity 3928K, committed 3964K, reserved 1048576K
}
Event: 2.158 GC heap after
{Heap after GC invocations=4 (full 0):
 garbage-first heap   total 131072K, used 23948K [0x0000000081c00000, 0x0000000100000000)
  region size 1024K, 8 young (8192K), 8 survivors (8192K)
 Metaspace       used 31516K, capacity 32060K, committed 32124K, reserved 1077248K
  class space    used 3748K, capacity 3928K, committed 3964K, reserved 1048576K
}
Event: 2.499 GC heap before
{Heap before GC invocations=4 (full 0):
 garbage-first heap   total 131072K, used 43404K [0x0000000081c00000, 0x0000000100000000)
  region size 1024K, 28 young (28672K), 8 survivors (8192K)
 Metaspace       used 35328K, capacity 35842K, committed 35964K, reserved 1081344K
  class space    used 4158K, capacity 4355K, committed 4476K, reserved 1048576K
}
Event: 2.514 GC heap after
{Heap after GC invocations=5 (full 0):
 garbage-first heap   total 131072K, used 24494K [0x0000000081c00000, 0x0000000100000000)
  region size 1024K, 3 young (3072K), 3 survivors (3072K)
 Metaspace       used 35328K, capacity 35842K, committed 35964K, reserved 1081344K
  class space    used 4158K, capacity 4355K, committed 4476K, reserved 1048576K
}
Event: 2.820 GC heap before
{Heap before GC invocations=6 (full 0):
 garbage-first heap   total 131072K, used 44974K [0x0000000081c00000, 0x0000000100000000)
  region size 1024K, 24 young (24576K), 3 survivors (3072K)
 Metaspace       used 39412K, capacity 39886K, committed 40060K, reserved 1095680K
  class space    used 4674K, capacity 4870K, committed 4988K, reserved 1048576K
}

