# JRE version: OpenJDK Runtime Environment (11.0.10) (build 11.0.10+0-b96-7249189)
# Java VM: OpenJDK 64-Bit Server VM (11.0.10+0-b96-7249189, mixed mode, tiered, compressed oops, g1 gc, windows-amd64)
Heap:
 garbage-first heap   total 157696K, used 52224K [0x0000000081c00000, 0x0000000100000000)
  region size 1024K, 21 young (21504K), 10 survivors (10240K)
 Metaspace       used 54725K, capacity 55462K, committed 55548K, reserved 1097728K
  class space    used 6314K, capacity 6606K, committed 6652K, reserved 1048576K
GC Heap History (12 events):
Event: 0.590 GC heap before
{Heap before GC invocations=0 (full 0):
 garbage-first heap   total 131072K, used 27648K [0x0000000081c00000, 0x0000000100000000)
  region size 1024K, 24 young (24576K), 0 survivors (0K)
 Metaspace       used 12179K, capacity 12277K, committed 12544K, reserved 1060864K
  class space    used 1140K, capacity 1174K, committed 1280K, reserved 1048576K
}
Event: 0.593 GC heap after
{Heap after GC invocations=1 (full 0):
 garbage-first heap   total 131072K, used 5939K [0x0000000081c00000, 0x0000000100000000)
  region size 1024K, 3 young (3072K), 3 survivors (3072K)
 Metaspace       used 12179K, capacity 12277K, committed 12544K, reserved 1060864K
  class space    used 1140K, capacity 1174K, committed 1280K, reserved 1048576K
}
Event: 1.442 GC heap before
{Heap before GC invocations=1 (full 0):
 garbage-first heap   total 131072K, used 42803K [0x0000000081c00000, 0x0000000100000000)
  region size 1024K, 40 young (40960K), 3 survivors (3072K)
 Metaspace       used 21008K, capacity 21182K, committed 21248K, reserved 1069056K
  class space    used 2224K, capacity 2291K, committed 2304K, reserved 1048576K
}
Event: 1.454 GC heap after
{Heap after GC invocations=2 (full 0):
 garbage-first heap   total 131072K, used 9624K [0x0000000081c00000, 0x0000000100000000)
  region size 1024K, 7 young (7168K), 7 survivors (7168K)
 Metaspace       used 21008K, capacity 21182K, committed 21248K, reserved 1069056K
  class space    used 2224K, capacity 2291K, committed 2304K, reserved 1048576K
}
Event: 2.733 GC heap before
{Heap before GC invocations=3 (full 0):
 garbage-first heap   total 131072K, used 72088K [0x0000000081c00000, 0x0000000100000000)
  region size 1024K, 56 young (57344K), 7 survivors (7168K)
 Metaspace       used 31287K, capacity 31772K, committed 31868K, reserved 1077248K
  class space    used 3712K, capacity 3896K, committed 3964K, reserved 1048576K
}
Event: 2.753 GC heap after
{Heap after GC invocations=4 (full 0):
 garbage-first heap   total 131072K, used 24468K [0x0000000081c00000, 0x0000000100000000)
  region size 1024K, 7 young (7168K), 7 survivors (7168K)
 Metaspace       used 31287K, capacity 31772K, committed 31868K, reserved 1077248K
  class space    used 3712K, capacity 3896K, committed 3964K, reserved 1048576K
}
Event: 3.340 GC heap before
{Heap before GC invocations=4 (full 0):
 garbage-first heap   total 131072K, used 44948K [0x0000000081c00000, 0x0000000100000000)
  region size 1024K, 28 young (28672K), 7 survivors (7168K)
 Metaspace       used 35332K, capacity 35840K, committed 35964K, reserved 1081344K
  class space    used 4153K, capacity 4355K, committed 4476K, reserved 1048576K
}
Event: 3.354 GC heap after
{Heap after GC invocations=5 (full 0):
 garbage-first heap   total 131072K, used 24576K [0x0000000081c00000, 0x0000000100000000)
  region size 1024K, 3 young (3072K), 3 survivors (3072K)
 Metaspace       used 35332K, capacity 35840K, committed 35964K, reserved 1081344K
  class space    used 4153K, capacity 4355K, committed 4476K, reserved 1048576K
}
Event: 4.352 GC heap before
{Heap before GC invocations=6 (full 0):
 garbage-first heap   total 131072K, used 93184K [0x0000000081c00000, 0x0000000100000000)
  region size 1024K, 67 young (68608K), 3 survivors (3072K)
 Metaspace       used 45285K, capacity 45900K, committed 46076K, reserved 1089536K
  class space    used 5337K, capacity 5549K, committed 5628K, reserved 1048576K
}
Event: 4.368 GC heap after
{Heap after GC invocations=7 (full 0):
 garbage-first heap   total 157696K, used 32383K [0x0000000081c00000, 0x0000000100000000)
  region size 1024K, 9 young (9216K), 9 survivors (9216K)
 Metaspace       used 45285K, capacity 45900K, committed 46076K, reserved 1089536K
  class space    used 5337K, capacity 5549K, committed 5628K, reserved 1048576K
}
Event: 6.000 GC heap before
{Heap before GC invocations=7 (full 0):
 garbage-first heap   total 157696K, used 110207K [0x0000000081c00000, 0x0000000100000000)
  region size 1024K, 85 young (87040K), 9 survivors (9216K)
 Metaspace       used 53578K, capacity 54278K, committed 54396K, reserved 1097728K
  class space    used 6151K, capacity 6423K, committed 6524K, reserved 1048576K
}
Event: 6.029 GC heap after
{Heap after GC invocations=8 (full 0):
 garbage-first heap   total 157696K, used 41984K [0x0000000081c00000, 0x0000000100000000)
  region size 1024K, 10 young (10240K), 10 survivors (10240K)
 Metaspace       used 53578K, capacity 54278K, committed 54396K, reserved 1097728K
  class space    used 6151K, capacity 6423K, committed 6524K, reserved 1048576K
}

