# JRE version: OpenJDK Runtime Environment (11.0.10) (build 11.0.10+0-b96-7249189)
# Java VM: OpenJDK 64-Bit Server VM (11.0.10+0-b96-7249189, mixed mode, tiered, compressed oops, g1 gc, windows-amd64)
Heap:
 garbage-first heap   total 201728K, used 61275K [0x0000000081c00000, 0x0000000100000000)
  region size 1024K, 13 young (13312K), 9 survivors (9216K)
 Metaspace       used 75797K, capacity 76611K, committed 76752K, reserved 1138688K
  class space    used 8555K, capacity 8877K, committed 8912K, reserved 1048576K
GC Heap History (20 events):
Event: 0.556 GC heap before
{Heap before GC invocations=0 (full 0):
 garbage-first heap   total 131072K, used 27648K [0x0000000081c00000, 0x0000000100000000)
  region size 1024K, 24 young (24576K), 0 survivors (0K)
 Metaspace       used 12177K, capacity 12277K, committed 12544K, reserved 1060864K
  class space    used 1140K, capacity 1174K, committed 1280K, reserved 1048576K
}
Event: 0.559 GC heap after
{Heap after GC invocations=1 (full 0):
 garbage-first heap   total 131072K, used 5869K [0x0000000081c00000, 0x0000000100000000)
  region size 1024K, 3 young (3072K), 3 survivors (3072K)
 Metaspace       used 12177K, capacity 12277K, committed 12544K, reserved 1060864K
  class space    used 1140K, capacity 1174K, committed 1280K, reserved 1048576K
}
Event: 1.214 GC heap before
{Heap before GC invocations=1 (full 0):
 garbage-first heap   total 131072K, used 42733K [0x0000000081c00000, 0x0000000100000000)
  region size 1024K, 40 young (40960K), 3 survivors (3072K)
 Metaspace       used 21001K, capacity 21182K, committed 21248K, reserved 1069056K
  class space    used 2227K, capacity 2291K, committed 2304K, reserved 1048576K
}
Event: 1.223 GC heap after
{Heap after GC invocations=2 (full 0):
 garbage-first heap   total 131072K, used 9648K [0x0000000081c00000, 0x0000000100000000)
  region size 1024K, 7 young (7168K), 7 survivors (7168K)
 Metaspace       used 21001K, capacity 21182K, committed 21248K, reserved 1069056K
  class space    used 2227K, capacity 2291K, committed 2304K, reserved 1048576K
}
Event: 2.133 GC heap before
{Heap before GC invocations=3 (full 0):
 garbage-first heap   total 131072K, used 72112K [0x0000000081c00000, 0x0000000100000000)
  region size 1024K, 56 young (57344K), 7 survivors (7168K)
 Metaspace       used 31280K, capacity 31772K, committed 31868K, reserved 1077248K
  class space    used 3713K, capacity 3896K, committed 3964K, reserved 1048576K
}
Event: 2.148 GC heap after
{Heap after GC invocations=4 (full 0):
 garbage-first heap   total 131072K, used 24170K [0x0000000081c00000, 0x0000000100000000)
  region size 1024K, 7 young (7168K), 7 survivors (7168K)
 Metaspace       used 31280K, capacity 31772K, committed 31868K, reserved 1077248K
  class space    used 3713K, capacity 3896K, committed 3964K, reserved 1048576K
}
Event: 2.554 GC heap before
{Heap before GC invocations=4 (full 0):
 garbage-first heap   total 131072K, used 44650K [0x0000000081c00000, 0x0000000100000000)
  region size 1024K, 28 young (28672K), 7 survivors (7168K)
 Metaspace       used 35313K, capacity 35841K, committed 35964K, reserved 1081344K
  class space    used 4157K, capacity 4355K, committed 4476K, reserved 1048576K
}
Event: 2.574 GC heap after
{Heap after GC invocations=5 (full 0):
 garbage-first heap   total 131072K, used 23915K [0x0000000081c00000, 0x0000000100000000)
  region size 1024K, 3 young (3072K), 3 survivors (3072K)
 Metaspace       used 35313K, capacity 35841K, committed 35964K, reserved 1081344K
  class space    used 4157K, capacity 4355K, committed 4476K, reserved 1048576K
}
Event: 3.533 GC heap before
{Heap before GC invocations=6 (full 0):
 garbage-first heap   total 131072K, used 89451K [0x0000000081c00000, 0x0000000100000000)
  region size 1024K, 64 young (65536K), 3 survivors (3072K)
 Metaspace       used 45153K, capacity 45708K, committed 46076K, reserved 1089536K
  class space    used 5337K, capacity 5549K, committed 5628K, reserved 1048576K
}
Event: 3.550 GC heap after
{Heap after GC invocations=7 (full 0):
 garbage-first heap   total 157696K, used 35488K [0x0000000081c00000, 0x0000000100000000)
  region size 1024K, 8 young (8192K), 8 survivors (8192K)
 Metaspace       used 45153K, capacity 45708K, committed 46076K, reserved 1089536K
  class space    used 5337K, capacity 5549K, committed 5628K, reserved 1048576K
}
Event: 3.823 GC heap before
{Heap before GC invocations=7 (full 0):
 garbage-first heap   total 157696K, used 56992K [0x0000000081c00000, 0x0000000100000000)
  region size 1024K, 29 young (29696K), 8 survivors (8192K)
 Metaspace       used 47117K, capacity 47711K, committed 48124K, reserved 1091584K
  class space    used 5542K, capacity 5747K, committed 5884K, reserved 1048576K
}
Event: 3.837 GC heap after
{Heap after GC invocations=8 (full 0):
 garbage-first heap   total 157696K, used 38446K [0x0000000081c00000, 0x0000000100000000)
  region size 1024K, 3 young (3072K), 3 survivors (3072K)
 Metaspace       used 47117K, capacity 47711K, committed 48124K, reserved 1091584K
  class space    used 5542K, capacity 5747K, committed 5884K, reserved 1048576K
}
Event: 5.019 GC heap before
{Heap before GC invocations=8 (full 0):
 garbage-first heap   total 157696K, used 94766K [0x0000000081c00000, 0x0000000100000000)
  region size 1024K, 58 young (59392K), 3 survivors (3072K)
 Metaspace       used 53572K, capacity 54278K, committed 54396K, reserved 1097728K
  class space    used 6153K, capacity 6423K, committed 6524K, reserved 1048576K
}
Event: 5.047 GC heap after
{Heap after GC invocations=9 (full 0):
 garbage-first heap   total 157696K, used 46516K [0x0000000081c00000, 0x0000000100000000)
  region size 1024K, 8 young (8192K), 8 survivors (8192K)
 Metaspace       used 53572K, capacity 54278K, committed 54396K, reserved 1097728K
  class space    used 6153K, capacity 6423K, committed 6524K, reserved 1048576K
}
Event: 6.187 GC heap before
{Heap before GC invocations=9 (full 0):
 garbage-first heap   total 157696K, used 85428K [0x0000000081c00000, 0x0000000100000000)
  region size 1024K, 47 young (48128K), 8 survivors (8192K)
 Metaspace       used 59538K, capacity 60257K, committed 60368K, reserved 1101824K
  class space    used 6982K, capacity 7286K, committed 7376K, reserved 1048576K
}
Event: 6.208 GC heap after
{Heap after GC invocations=10 (full 0):
 garbage-first heap   total 157696K, used 52308K [0x0000000081c00000, 0x0000000100000000)
  region size 1024K, 6 young (6144K), 6 survivors (6144K)
 Metaspace       used 59538K, capacity 60257K, committed 60368K, reserved 1101824K
  class space    used 6982K, capacity 7286K, committed 7376K, reserved 1048576K
}
Event: 7.297 GC heap before
{Heap before GC invocations=11 (full 0):
 garbage-first heap   total 157696K, used 99412K [0x0000000081c00000, 0x0000000100000000)
  region size 1024K, 54 young (55296K), 6 survivors (6144K)
 Metaspace       used 66687K, capacity 67499K, committed 67664K, reserved 1110016K
  class space    used 7669K, capacity 7993K, committed 8016K, reserved 1048576K
}
Event: 7.326 GC heap after
{Heap after GC invocations=12 (full 0):
 garbage-first heap   total 201728K, used 53709K [0x0000000081c00000, 0x0000000100000000)
  region size 1024K, 4 young (4096K), 4 survivors (4096K)
 Metaspace       used 66687K, capacity 67499K, committed 67664K, reserved 1110016K
  class space    used 7669K, capacity 7993K, committed 8016K, reserved 1048576K
}
Event: 8.540 GC heap before
{Heap before GC invocations=13 (full 0):
 garbage-first heap   total 201728K, used 124365K [0x0000000081c00000, 0x0000000100000000)
  region size 1024K, 73 young (74752K), 4 survivors (4096K)
 Metaspace       used 75122K, capacity 75973K, committed 76240K, reserved 1134592K
  class space    used 8496K, capacity 8834K, committed 8912K, reserved 1048576K
}
Event: 8.552 GC heap after
{Heap after GC invocations=14 (full 0):
 garbage-first heap   total 201728K, used 58203K [0x0000000081c00000, 0x0000000100000000)
  region size 1024K, 9 young (9216K), 9 survivors (9216K)
 Metaspace       used 75122K, capacity 75973K, committed 76240K, reserved 1134592K
  class space    used 8496K, capacity 8834K, committed 8912K, reserved 1048576K
}

